<?xml version="1.0" encoding="UTF-8"?>
<!-- Generated by org.testng.reporters.JUnitReportReporter -->
<testsuite hostname="cs-114" name="MobileCloudComputing.AppTest" tests="1" failures="0" timestamp="27 Sep 2017 07:36:08 GMT" time="6.905" errors="0">
  <testcase name="HelloUserTest" time="6.905" classname="MobileCloudComputing.AppTest"/>
</testsuite> <!-- MobileCloudComputing.AppTest -->
